Determining if the pthread_create exist failed with the following output:
Change Dir: /media/ronnamura/Data/school/GitBash/ramp_climbing_ws/build/CMakeFiles/CMakeTmp

Run Build Command:"/usr/bin/make" "cmTC_4f9ca/fast"
/usr/bin/make -f CMakeFiles/cmTC_4f9ca.dir/build.make CMakeFiles/cmTC_4f9ca.dir/build
make[1]: Entering directory '/media/ronnamura/Data/school/GitBash/ramp_climbing_ws/build/CMakeFiles/CMakeTmp'
Building C object CMakeFiles/cmTC_4f9ca.dir/CheckSymbolExists.c.o
/usr/bin/cc     -o CMakeFiles/cmTC_4f9ca.dir/CheckSymbolExists.c.o   -c /media/ronnamura/Data/school/GitBash/ramp_climbing_ws/build/CMakeFiles/CMakeTmp/CheckSymbolExists.c
Linking C executable cmTC_4f9ca
/usr/bin/cmake -E cmake_link_script CMakeFiles/cmTC_4f9ca.dir/link.txt --verbose=1
/usr/bin/cc       CMakeFiles/cmTC_4f9ca.dir/CheckSymbolExists.c.o  -o cmTC_4f9ca -rdynamic 
CMakeFiles/cmTC_4f9ca.dir/CheckSymbolExists.c.o: In function `main':
CheckSymbolExists.c:(.text+0x16): undefined reference to `pthread_create'
collect2: error: ld returned 1 exit status
CMakeFiles/cmTC_4f9ca.dir/build.make:97: recipe for target 'cmTC_4f9ca' failed
make[1]: *** [cmTC_4f9ca] Error 1
make[1]: Leaving directory '/media/ronnamura/Data/school/GitBash/ramp_climbing_ws/build/CMakeFiles/CMakeTmp'
Makefile:126: recipe for target 'cmTC_4f9ca/fast' failed
make: *** [cmTC_4f9ca/fast] Error 2

File /media/ronnamura/Data/school/GitBash/ramp_climbing_ws/build/CMakeFiles/CMakeTmp/CheckSymbolExists.c:
/* */
#include <pthread.h>

int main(int argc, char** argv)
{
  (void)argv;
#ifndef pthread_create
  return ((int*)(&pthread_create))[argc];
#else
  (void)argc;
  return 0;
#endif
}

Determining if the function pthread_create exists in the pthreads failed with the following output:
Change Dir: /media/ronnamura/Data/school/GitBash/ramp_climbing_ws/build/CMakeFiles/CMakeTmp

Run Build Command:"/usr/bin/make" "cmTC_e549f/fast"
/usr/bin/make -f CMakeFiles/cmTC_e549f.dir/build.make CMakeFiles/cmTC_e549f.dir/build
make[1]: Entering directory '/media/ronnamura/Data/school/GitBash/ramp_climbing_ws/build/CMakeFiles/CMakeTmp'
Building C object CMakeFiles/cmTC_e549f.dir/CheckFunctionExists.c.o
/usr/bin/cc    -DCHECK_FUNCTION_EXISTS=pthread_create   -o CMakeFiles/cmTC_e549f.dir/CheckFunctionExists.c.o   -c /usr/share/cmake-3.5/Modules/CheckFunctionExists.c
Linking C executable cmTC_e549f
/usr/bin/cmake -E cmake_link_script CMakeFiles/cmTC_e549f.dir/link.txt --verbose=1
/usr/bin/cc   -DCHECK_FUNCTION_EXISTS=pthread_create    CMakeFiles/cmTC_e549f.dir/CheckFunctionExists.c.o  -o cmTC_e549f -rdynamic -lpthreads 
/usr/bin/ld: cannot find -lpthreads
collect2: error: ld returned 1 exit status
CMakeFiles/cmTC_e549f.dir/build.make:97: recipe for target 'cmTC_e549f' failed
make[1]: *** [cmTC_e549f] Error 1
make[1]: Leaving directory '/media/ronnamura/Data/school/GitBash/ramp_climbing_ws/build/CMakeFiles/CMakeTmp'
Makefile:126: recipe for target 'cmTC_e549f/fast' failed
make: *** [cmTC_e549f/fast] Error 2


